<?xml version="1.0" encoding="UTF-8" ?>
<testsuite errors="0" failures="0" hostname="vinzor-virtual-machine" name="JumperTest" skipped="0" tests="4" time="0.152" timestamp="2015-08-21T09:49:09">
  <properties>
[...]
</properties>
  <testcase classname="JumperTest" name="testMove2" time="0.006" />
  <testcase classname="JumperTest" name="testCanMove1" time="0.001" />
  <testcase classname="JumperTest" name="testCanMove2" time="0.001" />
  <testcase classname="JumperTest" name="testMove1" time="0.0" />
  <system-out><![CDATA[]]></system-out>
  <system-err><![CDATA[]]></system-err>
</testsuite>
