# JRE version: Java(TM) SE Runtime Environment (7.0_45-b18) (build 1.7.0_45-b18)
# Java VM: Java HotSpot(TM) 64-Bit Server VM (24.45-b08 mixed mode linux-amd64 compressed oops)
Heap
 PSYoungGen      total 172544K, used 55291K [0x00000000f0480000, 0x00000000ff000000, 0x0000000100000000)
  eden space 117248K, 0% used [0x00000000f0480000,0x00000000f0480000,0x00000000f7700000)
  from space 55296K, 99% used [0x00000000f7700000,0x00000000facfefd0,0x00000000fad00000)
  to   space 46592K, 0% used [0x00000000fad00000,0x00000000fad00000,0x00000000fda80000)
 ParOldGen       total 140800K, used 140372K [0x00000000d0e00000, 0x00000000d9780000, 0x00000000f0480000)
  object space 140800K, 99% used [0x00000000d0e00000,0x00000000d9715230,0x00000000d9780000)
 PSPermGen       total 21504K, used 3260K [0x00000000cbc00000, 0x00000000cd100000, 0x00000000d0e00000)
  object space 21504K, 15% used [0x00000000cbc00000,0x00000000cbf2f348,0x00000000cd100000)
GC Heap History (10 events):
Event: 0.983 GC heap after
Heap after GC invocations=7 (full 2):
 PSYoungGen      total 51200K, used 0K [0x00000000f0480000, 0x00000000f8d00000, 0x0000000100000000)
  eden space 49152K, 0% used [0x00000000f0480000,0x00000000f0480000,0x00000000f3480000)
  from space 2048K, 0% used [0x00000000f3480000,0x00000000f3480000,0x00000000f3680000)
  to   space 32256K, 0% used [0x00000000f6d80000,0x00000000f6d80000,0x00000000f8d00000)
 ParOldGen       total 88576K, used 38157K [0x00000000d0e00000, 0x00000000d6480000, 0x00000000f0480000)
  object space 88576K, 43% used [0x00000000d0e00000,0x00000000d3343578,0x00000000d6480000)
 PSPermGen       total 21504K, used 3260K [0x00000000cbc00000, 0x00000000cd100000, 0x00000000d0e00000)
  object space 21504K, 15% used [0x00000000cbc00000,0x00000000cbf2f348,0x00000000cd100000)
}
Event: 1.039 GC heap before
{Heap before GC invocations=8 (full 2):
 PSYoungGen      total 51200K, used 49152K [0x00000000f0480000, 0x00000000f8d00000, 0x0000000100000000)
  eden space 49152K, 100% used [0x00000000f0480000,0x00000000f3480000,0x00000000f3480000)
  from space 2048K, 0% used [0x00000000f3480000,0x00000000f3480000,0x00000000f3680000)
  to   space 32256K, 0% used [0x00000000f6d80000,0x00000000f6d80000,0x00000000f8d00000)
 ParOldGen       total 88576K, used 38157K [0x00000000d0e00000, 0x00000000d6480000, 0x00000000f0480000)
  object space 88576K, 43% used [0x00000000d0e00000,0x00000000d3343578,0x00000000d6480000)
 PSPermGen       total 21504K, used 3260K [0x00000000cbc00000, 0x00000000cd100000, 0x00000000d0e00000)
  object space 21504K, 15% used [0x00000000cbc00000,0x00000000cbf2f348,0x00000000cd100000)
Event: 1.078 GC heap after
Heap after GC invocations=8 (full 2):
 PSYoungGen      total 109568K, used 16263K [0x00000000f0480000, 0x00000000f8f80000, 0x0000000100000000)
  eden space 77312K, 0% used [0x00000000f0480000,0x00000000f0480000,0x00000000f5000000)
  from space 32256K, 50% used [0x00000000f6d80000,0x00000000f7d61d20,0x00000000f8d00000)
  to   space 30208K, 0% used [0x00000000f5000000,0x00000000f5000000,0x00000000f6d80000)
 ParOldGen       total 88576K, used 38157K [0x00000000d0e00000, 0x00000000d6480000, 0x00000000f0480000)
  object space 88576K, 43% used [0x00000000d0e00000,0x00000000d3343578,0x00000000d6480000)
 PSPermGen       total 21504K, used 3260K [0x00000000cbc00000, 0x00000000cd100000, 0x00000000d0e00000)
  object space 21504K, 15% used [0x00000000cbc00000,0x00000000cbf2f348,0x00000000cd100000)
}
Event: 1.580 GC heap before
{Heap before GC invocations=9 (full 2):
 PSYoungGen      total 109568K, used 93575K [0x00000000f0480000, 0x00000000f8f80000, 0x0000000100000000)
  eden space 77312K, 100% used [0x00000000f0480000,0x00000000f5000000,0x00000000f5000000)
  from space 32256K, 50% used [0x00000000f6d80000,0x00000000f7d61d20,0x00000000f8d00000)
  to   space 30208K, 0% used [0x00000000f5000000,0x00000000f5000000,0x00000000f6d80000)
 ParOldGen       total 88576K, used 38157K [0x00000000d0e00000, 0x00000000d6480000, 0x00000000f0480000)
  object space 88576K, 43% used [0x00000000d0e00000,0x00000000d3343578,0x00000000d6480000)
 PSPermGen       total 21504K, used 3260K [0x00000000cbc00000, 0x00000000cd100000, 0x00000000d0e00000)
  object space 21504K, 15% used [0x00000000cbc00000,0x00000000cbf2f348,0x00000000cd100000)
Event: 1.657 GC heap after
Heap after GC invocations=9 (full 2):
 PSYoungGen      total 107520K, used 30207K [0x00000000f0480000, 0x00000000fda80000, 0x0000000100000000)
  eden space 77312K, 0% used [0x00000000f0480000,0x00000000f0480000,0x00000000f5000000)
  from space 30208K, 99% used [0x00000000f5000000,0x00000000f6d7fc98,0x00000000f6d80000)
  to   space 46592K, 0% used [0x00000000fad00000,0x00000000fad00000,0x00000000fda80000)
 ParOldGen       total 88576K, used 59697K [0x00000000d0e00000, 0x00000000d6480000, 0x00000000f0480000)
  object space 88576K, 67% used [0x00000000d0e00000,0x00000000d484c4b8,0x00000000d6480000)
 PSPermGen       total 21504K, used 3260K [0x00000000cbc00000, 0x00000000cd100000, 0x00000000d0e00000)
  object space 21504K, 15% used [0x00000000cbc00000,0x00000000cbf2f348,0x00000000cd100000)
}
Event: 1.657 GC heap before
{Heap before GC invocations=10 (full 3):
 PSYoungGen      total 107520K, used 30207K [0x00000000f0480000, 0x00000000fda80000, 0x0000000100000000)
  eden space 77312K, 0% used [0x00000000f0480000,0x00000000f0480000,0x00000000f5000000)
  from space 30208K, 99% used [0x00000000f5000000,0x00000000f6d7fc98,0x00000000f6d80000)
  to   space 46592K, 0% used [0x00000000fad00000,0x00000000fad00000,0x00000000fda80000)
 ParOldGen       total 88576K, used 59697K [0x00000000d0e00000, 0x00000000d6480000, 0x00000000f0480000)
  object space 88576K, 67% used [0x00000000d0e00000,0x00000000d484c4b8,0x00000000d6480000)
 PSPermGen       total 21504K, used 3260K [0x00000000cbc00000, 0x00000000cd100000, 0x00000000d0e00000)
  object space 21504K, 15% used [0x00000000cbc00000,0x00000000cbf2f348,0x00000000cd100000)
Event: 1.784 GC heap after
Heap after GC invocations=10 (full 3):
 PSYoungGen      total 107520K, used 0K [0x00000000f0480000, 0x00000000fda80000, 0x0000000100000000)
  eden space 77312K, 0% used [0x00000000f0480000,0x00000000f0480000,0x00000000f5000000)
  from space 30208K, 0% used [0x00000000f5000000,0x00000000f5000000,0x00000000f6d80000)
  to   space 46592K, 0% used [0x00000000fad00000,0x00000000fad00000,0x00000000fda80000)
 ParOldGen       total 136704K, used 79734K [0x00000000d0e00000, 0x00000000d9380000, 0x00000000f0480000)
  object space 136704K, 58% used [0x00000000d0e00000,0x00000000d5bdd9f0,0x00000000d9380000)
 PSPermGen       total 21504K, used 3260K [0x00000000cbc00000, 0x00000000cd100000, 0x00000000d0e00000)
  object space 21504K, 15% used [0x00000000cbc00000,0x00000000cbf2f348,0x00000000cd100000)
}
Event: 1.882 GC heap before
{Heap before GC invocations=11 (full 3):
 PSYoungGen      total 107520K, used 77312K [0x00000000f0480000, 0x00000000fda80000, 0x0000000100000000)
  eden space 77312K, 100% used [0x00000000f0480000,0x00000000f5000000,0x00000000f5000000)
  from space 30208K, 0% used [0x00000000f5000000,0x00000000f5000000,0x00000000f6d80000)
  to   space 46592K, 0% used [0x00000000fad00000,0x00000000fad00000,0x00000000fda80000)
 ParOldGen       total 136704K, used 79734K [0x00000000d0e00000, 0x00000000d9380000, 0x00000000f0480000)
  object space 136704K, 58% used [0x00000000d0e00000,0x00000000d5bdd9f0,0x00000000d9380000)
 PSPermGen       total 21504K, used 3260K [0x00000000cbc00000, 0x00000000cd100000, 0x00000000d0e00000)
  object space 21504K, 15% used [0x00000000cbc00000,0x00000000cbf2f348,0x00000000cd100000)
Event: 2.194 GC heap after
Heap after GC invocations=11 (full 3):
 PSYoungGen      total 163840K, used 46052K [0x00000000f0480000, 0x00000000ff000000, 0x0000000100000000)
  eden space 117248K, 0% used [0x00000000f0480000,0x00000000f0480000,0x00000000f7700000)
  from space 46592K, 98% used [0x00000000fad00000,0x00000000fd9f90e0,0x00000000fda80000)
  to   space 55296K, 0% used [0x00000000f7700000,0x00000000f7700000,0x00000000fad00000)
 ParOldGen       total 136704K, used 79734K [0x00000000d0e00000, 0x00000000d9380000, 0x00000000f0480000)
  object space 136704K, 58% used [0x00000000d0e00000,0x00000000d5bdd9f0,0x00000000d9380000)
 PSPermGen       total 21504K, used 3260K [0x00000000cbc00000, 0x00000000cd100000, 0x00000000d0e00000)
  object space 21504K, 15% used [0x00000000cbc00000,0x00000000cbf2f348,0x00000000cd100000)
}
Event: 2.288 GC heap before
{Heap before GC invocations=12 (full 3):
 PSYoungGen      total 163840K, used 163300K [0x00000000f0480000, 0x00000000ff000000, 0x0000000100000000)
  eden space 117248K, 100% used [0x00000000f0480000,0x00000000f7700000,0x00000000f7700000)
  from space 46592K, 98% used [0x00000000fad00000,0x00000000fd9f90e0,0x00000000fda80000)
  to   space 55296K, 0% used [0x00000000f7700000,0x00000000f7700000,0x00000000fad00000)
 ParOldGen       total 136704K, used 79734K [0x00000000d0e00000, 0x00000000d9380000, 0x00000000f0480000)
  object space 136704K, 58% used [0x00000000d0e00000,0x00000000d5bdd9f0,0x00000000d9380000)
 PSPermGen       total 21504K, used 3260K [0x00000000cbc00000, 0x00000000cd100000, 0x00000000d0e00000)
  object space 21504K, 15% used [0x00000000cbc00000,0x00000000cbf2f348,0x00000000cd100000)

